<?xml version="1.0" encoding="UTF-8"?>
<!-- Generated by org.testng.reporters.JUnitXMLReporter -->
<testsuite ignored="0" hostname="DESKTOP-FOTJODL" failures="1" tests="4" name="TestListner" time="11.201" errors="0" timestamp="2025-06-17T12:03:34 IST">
  <testcase classname="listners.TestCaseLogin" name="setUp" time="6.698"/>
  <testcase classname="listners.TestCaseLogin" name="userLogin" time="4.261"/>
  <testcase classname="listners.TestCaseLogin" name="verifyTitle" time="0.042">
    <failure type="java.lang.AssertionError" message="expected [Swag Labs_1] but found [Swag Labs]">
      <![CDATA[java.lang.AssertionError: expected [Swag Labs_1] but found [Swag Labs]
at listners.TestCaseLogin.verifyTitle(TestCaseLogin.java:42)
at java.base/java.util.ArrayList.forEach(ArrayList.java:1596)
... Removed 31 stack frames]]>
    </failure>
  </testcase> <!-- verifyTitle -->
  <testcase classname="listners.TestCaseLogin" name="verifyProductDisplayed" time="0.004">
    <skipped/>
  </testcase> <!-- verifyProductDisplayed -->
</testsuite> <!-- TestListner -->
